{"timestamp":"2025-12-08T20:02:47.834053Z","level":"info","event":"DAG bundles loaded: dags-folder","logger":"airflow.dag_processing.bundles.manager.DagBundlesManager","filename":"manager.py","lineno":179}
{"timestamp":"2025-12-08T20:02:47.834818Z","level":"info","event":"Filling up the DagBag from /opt/airflow/dags/etl_pipeline.py","logger":"airflow.models.dagbag.DagBag","filename":"dagbag.py","lineno":593}
{"timestamp":"2025-12-08T20:02:48.173368Z","level":"warning","event":"The `airflow.operators.python.PythonOperator` attribute is deprecated. Please use `'airflow.providers.standard.operators.python.PythonOperator'`.","category":"DeprecatedImportWarning","filename":"/opt/airflow/dags/etl_pipeline.py","lineno":9,"logger":"py.warnings"}
{"timestamp":"2025-12-08T20:02:48.173474Z","level":"warning","event":"The `airflow.operators.bash.BashOperator` attribute is deprecated. Please use `'airflow.providers.standard.operators.bash.BashOperator'`.","category":"DeprecatedImportWarning","filename":"/opt/airflow/dags/etl_pipeline.py","lineno":10,"logger":"py.warnings"}
{"timestamp":"2025-12-08T20:02:48.225216Z","level":"info","event":"Loading data for 2020-01 into PostgreSQL","logger":"task.stdout"}
{"timestamp":"2025-12-08T20:02:48.225404Z","level":"info","event":"File: /opt/airflow/dags/data/green_tripdata_2020-01.parquet","logger":"task.stdout"}
{"timestamp":"2025-12-08T20:02:48.409040Z","level":"info","event":"Loading 447770 records to database...","logger":"task.stdout"}
{"timestamp":"2025-12-08T20:04:49.776959Z","level":"info","event":"Error loading data to PostgreSQL: (psycopg2.errors.QueryCanceled) canceling statement due to statement timeout","logger":"task.stdout"}
{"timestamp":"2025-12-08T20:04:49.777464Z","level":"info","event":"CONTEXT:  while inserting index tuple (16,65) in relation \"pg_type_typname_nsp_index\"","logger":"task.stdout"}
{"timestamp":"2025-12-08T20:04:49.777568Z","level":"info","event":"","logger":"task.stdout"}
{"timestamp":"2025-12-08T20:04:49.777656Z","level":"info","event":"[SQL:","logger":"task.stdout"}
{"timestamp":"2025-12-08T20:04:49.777740Z","level":"info","event":"CREATE TABLE green_taxi_2020_01 (","logger":"task.stdout"}
{"timestamp":"2025-12-08T20:04:49.777819Z","level":"info","event":"\t\"VendorID\" BIGINT,","logger":"task.stdout"}
{"timestamp":"2025-12-08T20:04:49.777897Z","level":"info","event":"\tlpep_pickup_datetime TIMESTAMP WITHOUT TIME ZONE,","logger":"task.stdout"}
{"timestamp":"2025-12-08T20:04:49.777977Z","level":"info","event":"\tlpep_dropoff_datetime TIMESTAMP WITHOUT TIME ZONE,","logger":"task.stdout"}
{"timestamp":"2025-12-08T20:04:49.778059Z","level":"info","event":"\tstore_and_fwd_flag TEXT,","logger":"task.stdout"}
{"timestamp":"2025-12-08T20:04:49.778156Z","level":"info","event":"\t\"RatecodeID\" FLOAT(53),","logger":"task.stdout"}
{"timestamp":"2025-12-08T20:04:49.778237Z","level":"info","event":"\t\"PULocationID\" BIGINT,","logger":"task.stdout"}
{"timestamp":"2025-12-08T20:04:49.778318Z","level":"info","event":"\t\"DOLocationID\" BIGINT,","logger":"task.stdout"}
{"timestamp":"2025-12-08T20:04:49.778393Z","level":"info","event":"\tpassenger_count FLOAT(53),","logger":"task.stdout"}
{"timestamp":"2025-12-08T20:04:49.778462Z","level":"info","event":"\ttrip_distance FLOAT(53),","logger":"task.stdout"}
{"timestamp":"2025-12-08T20:04:49.778536Z","level":"info","event":"\tfare_amount FLOAT(53),","logger":"task.stdout"}
{"timestamp":"2025-12-08T20:04:49.778595Z","level":"info","event":"\textra FLOAT(53),","logger":"task.stdout"}
{"timestamp":"2025-12-08T20:04:49.778644Z","level":"info","event":"\tmta_tax FLOAT(53),","logger":"task.stdout"}
{"timestamp":"2025-12-08T20:04:49.778687Z","level":"info","event":"\ttip_amount FLOAT(53),","logger":"task.stdout"}
{"timestamp":"2025-12-08T20:04:49.778729Z","level":"info","event":"\ttolls_amount FLOAT(53),","logger":"task.stdout"}
{"timestamp":"2025-12-08T20:04:49.778773Z","level":"info","event":"\tehail_fee TEXT,","logger":"task.stdout"}
{"timestamp":"2025-12-08T20:04:49.778815Z","level":"info","event":"\timprovement_surcharge FLOAT(53),","logger":"task.stdout"}
{"timestamp":"2025-12-08T20:04:49.778878Z","level":"info","event":"\ttotal_amount FLOAT(53),","logger":"task.stdout"}
{"timestamp":"2025-12-08T20:04:49.778923Z","level":"info","event":"\tpayment_type FLOAT(53),","logger":"task.stdout"}
{"timestamp":"2025-12-08T20:04:49.778964Z","level":"info","event":"\ttrip_type FLOAT(53),","logger":"task.stdout"}
{"timestamp":"2025-12-08T20:04:49.779004Z","level":"info","event":"\tcongestion_surcharge FLOAT(53)","logger":"task.stdout"}
{"timestamp":"2025-12-08T20:04:49.779045Z","level":"info","event":")","logger":"task.stdout"}
{"timestamp":"2025-12-08T20:04:49.779084Z","level":"info","event":"","logger":"task.stdout"}
{"timestamp":"2025-12-08T20:04:49.779124Z","level":"info","event":"]","logger":"task.stdout"}
{"timestamp":"2025-12-08T20:04:49.779185Z","level":"info","event":"(Background on this error at: https://sqlalche.me/e/14/e3q8)","logger":"task.stdout"}
{"timestamp":"2025-12-08T20:04:49.777189Z","level":"error","event":"Task failed with exception","logger":"task","filename":"task_runner.py","lineno":1002,"error_detail":[{"exc_type":"OperationalError","exc_value":"(psycopg2.errors.QueryCanceled) canceling statement due to statement timeout\nCONTEXT:  while inserting index tuple (16,65) in relation \"pg_type_typname_nsp_index\"\n\n[SQL: \nCREATE TABLE green_taxi_2020_01 (\n\t\"VendorID\" BIGINT, \n\tlpep_pickup_datetime TIMESTAMP WITHOUT TIME ZONE, \n\tlpep_dropoff_datetime TIMESTAMP WITHOUT TIME ZONE, \n\tstore_and_fwd_flag TEXT, \n\t\"RatecodeID\" FLOAT(53), \n\t\"PULocationID\" BIGINT, \n\t\"DOLocationID\" BIGINT, \n\tpassenger_count FLOAT(53), \n\ttrip_distance FLOAT(53), \n\tfare_amount FLOAT(53), \n\textra FLOAT(53), \n\tmta_tax FLOAT(53), \n\ttip_amount FLOAT(53), \n\ttolls_amount FLOAT(53), \n\tehail_fee TEXT, \n\timprovement_surcharge FLOAT(53), \n\ttotal_amount FLOAT(53), \n\tpayment_type FLOAT(53), \n\ttrip_type FLOAT(53), \n\tcongestion_surcharge FLOAT(53)\n)\n\n]\n(Background on this error at: https://sqlalche.me/e/14/e3q8)","exc_notes":[],"syntax_error":null,"is_cause":false,"frames":[{"filename":"/home/airflow/.local/lib/python3.12/site-packages/airflow/sdk/execution_time/task_runner.py","lineno":928,"name":"run"},{"filename":"/home/airflow/.local/lib/python3.12/site-packages/airflow/sdk/execution_time/task_runner.py","lineno":1315,"name":"_execute_task"},{"filename":"/home/airflow/.local/lib/python3.12/site-packages/airflow/sdk/bases/operator.py","lineno":416,"name":"wrapper"},{"filename":"/home/airflow/.local/lib/python3.12/site-packages/airflow/providers/standard/operators/python.py","lineno":213,"name":"execute"},{"filename":"/home/airflow/.local/lib/python3.12/site-packages/airflow/providers/standard/operators/python.py","lineno":236,"name":"execute_callable"},{"filename":"/home/airflow/.local/lib/python3.12/site-packages/airflow/sdk/execution_time/callback_runner.py","lineno":82,"name":"run"},{"filename":"/opt/airflow/dags/etl_pipeline.py","lineno":133,"name":"load_data"},{"filename":"/home/airflow/.local/lib/python3.12/site-packages/pandas/util/_decorators.py","lineno":333,"name":"wrapper"},{"filename":"/home/airflow/.local/lib/python3.12/site-packages/pandas/core/generic.py","lineno":3008,"name":"to_sql"},{"filename":"/home/airflow/.local/lib/python3.12/site-packages/pandas/io/sql.py","lineno":788,"name":"to_sql"},{"filename":"/home/airflow/.local/lib/python3.12/site-packages/pandas/io/sql.py","lineno":1948,"name":"to_sql"},{"filename":"/home/airflow/.local/lib/python3.12/site-packages/pandas/io/sql.py","lineno":1852,"name":"prep_table"},{"filename":"/home/airflow/.local/lib/python3.12/site-packages/pandas/io/sql.py","lineno":936,"name":"create"},{"filename":"/home/airflow/.local/lib/python3.12/site-packages/pandas/io/sql.py","lineno":922,"name":"_execute_create"},{"filename":"/home/airflow/.local/lib/python3.12/site-packages/sqlalchemy/sql/schema.py","lineno":962,"name":"create"},{"filename":"/home/airflow/.local/lib/python3.12/site-packages/sqlalchemy/engine/base.py","lineno":2221,"name":"_run_ddl_visitor"},{"filename":"/home/airflow/.local/lib/python3.12/site-packages/sqlalchemy/sql/visitors.py","lineno":524,"name":"traverse_single"},{"filename":"/home/airflow/.local/lib/python3.12/site-packages/sqlalchemy/sql/ddl.py","lineno":899,"name":"visit_table"},{"filename":"/home/airflow/.local/lib/python3.12/site-packages/sqlalchemy/engine/base.py","lineno":1385,"name":"execute"},{"filename":"/home/airflow/.local/lib/python3.12/site-packages/sqlalchemy/sql/ddl.py","lineno":80,"name":"_execute_on_connection"},{"filename":"/home/airflow/.local/lib/python3.12/site-packages/sqlalchemy/engine/base.py","lineno":1477,"name":"_execute_ddl"},{"filename":"/home/airflow/.local/lib/python3.12/site-packages/sqlalchemy/engine/base.py","lineno":1953,"name":"_execute_context"},{"filename":"/home/airflow/.local/lib/python3.12/site-packages/sqlalchemy/engine/base.py","lineno":2134,"name":"_handle_dbapi_exception"},{"filename":"/home/airflow/.local/lib/python3.12/site-packages/sqlalchemy/util/compat.py","lineno":211,"name":"raise_"},{"filename":"/home/airflow/.local/lib/python3.12/site-packages/sqlalchemy/engine/base.py","lineno":1910,"name":"_execute_context"},{"filename":"/home/airflow/.local/lib/python3.12/site-packages/sqlalchemy/engine/default.py","lineno":736,"name":"do_execute"}],"is_group":false,"exceptions":[]},{"exc_type":"QueryCanceled","exc_value":"canceling statement due to statement timeout\nCONTEXT:  while inserting index tuple (16,65) in relation \"pg_type_typname_nsp_index\"\n","exc_notes":[],"syntax_error":null,"is_cause":true,"frames":[{"filename":"/home/airflow/.local/lib/python3.12/site-packages/sqlalchemy/engine/base.py","lineno":1910,"name":"_execute_context"},{"filename":"/home/airflow/.local/lib/python3.12/site-packages/sqlalchemy/engine/default.py","lineno":736,"name":"do_execute"}],"is_group":false,"exceptions":[]}]}
