{"timestamp":"2025-12-08T19:51:39.582652Z","level":"info","event":"DAG bundles loaded: dags-folder","logger":"airflow.dag_processing.bundles.manager.DagBundlesManager","filename":"manager.py","lineno":179}
{"timestamp":"2025-12-08T19:51:39.584128Z","level":"info","event":"Filling up the DagBag from /opt/airflow/dags/etl_pipeline.py","logger":"airflow.models.dagbag.DagBag","filename":"dagbag.py","lineno":593}
{"timestamp":"2025-12-08T19:51:39.934570Z","level":"warning","event":"The `airflow.operators.python.PythonOperator` attribute is deprecated. Please use `'airflow.providers.standard.operators.python.PythonOperator'`.","category":"DeprecatedImportWarning","filename":"/opt/airflow/dags/etl_pipeline.py","lineno":9,"logger":"py.warnings"}
{"timestamp":"2025-12-08T19:51:39.934756Z","level":"warning","event":"The `airflow.operators.bash.BashOperator` attribute is deprecated. Please use `'airflow.providers.standard.operators.bash.BashOperator'`.","category":"DeprecatedImportWarning","filename":"/opt/airflow/dags/etl_pipeline.py","lineno":10,"logger":"py.warnings"}
{"timestamp":"2025-12-08T19:51:39.989559Z","level":"info","event":"Extracting data for 2020-01","logger":"task.stdout"}
{"timestamp":"2025-12-08T19:51:39.990068Z","level":"info","event":"URL: https://d37ci6vzurychx.cloudfront.net/trip-data/green_tripdata_2020-01.parquet","logger":"task.stdout"}
{"timestamp":"2025-12-08T19:51:42.570243Z","level":"info","event":"Successfully downloaded 7183298 bytes","logger":"task.stdout"}
{"timestamp":"2025-12-08T19:51:42.570425Z","level":"info","event":"Saved to: /opt/airflow/dags/data/green_tripdata_2020-01.parquet","logger":"task.stdout"}
{"timestamp":"2025-12-08T19:51:42.630821Z","level":"info","event":"Done. Returned value was: /opt/airflow/dags/data/green_tripdata_2020-01.parquet","logger":"airflow.task.operators.airflow.providers.standard.operators.python.PythonOperator","filename":"python.py","lineno":215}
{"timestamp":"2025-12-08T19:51:42.631193Z","level":"info","event":"Pushing xcom","ti":"RuntimeTaskInstance(id=UUID('019aff84-f2b9-7259-a651-688e56935cd2'), task_id='extract', dag_id='nyc_green_taxi_pipeline', run_id='scheduled__2020-01-01T00:00:00+00:00', try_number=1, dag_version_id=UUID('019aff83-e3ae-7661-b557-966ebbe77c95'), map_index=-1, hostname='5da3fa7d3bfb', context_carrier={}, task=<Task(PythonOperator): extract>, bundle_instance=LocalDagBundle(name=dags-folder), max_tries=2, start_date=datetime.datetime(2025, 12, 8, 19, 51, 39, 508063, tzinfo=datetime.timezone.utc), end_date=None, state=<TaskInstanceState.RUNNING: 'running'>, is_mapped=False, rendered_map_index=None)","logger":"task","filename":"task_runner.py","lineno":1360}
{"timestamp":"2025-12-08T19:57:29.215777Z","level":"info","event":"DAG bundles loaded: dags-folder","logger":"airflow.dag_processing.bundles.manager.DagBundlesManager","filename":"manager.py","lineno":179}
{"timestamp":"2025-12-08T19:57:29.216621Z","level":"info","event":"Filling up the DagBag from /opt/airflow/dags/etl_pipeline.py","logger":"airflow.models.dagbag.DagBag","filename":"dagbag.py","lineno":593}
{"timestamp":"2025-12-08T19:57:29.640452Z","level":"warning","event":"The `airflow.operators.python.PythonOperator` attribute is deprecated. Please use `'airflow.providers.standard.operators.python.PythonOperator'`.","category":"DeprecatedImportWarning","filename":"/opt/airflow/dags/etl_pipeline.py","lineno":9,"logger":"py.warnings"}
{"timestamp":"2025-12-08T19:57:29.640594Z","level":"warning","event":"The `airflow.operators.bash.BashOperator` attribute is deprecated. Please use `'airflow.providers.standard.operators.bash.BashOperator'`.","category":"DeprecatedImportWarning","filename":"/opt/airflow/dags/etl_pipeline.py","lineno":10,"logger":"py.warnings"}
{"timestamp":"2025-12-08T19:57:29.664883Z","level":"info","event":"Extracting data for 2020-01","logger":"task.stdout"}
{"timestamp":"2025-12-08T19:57:29.665037Z","level":"info","event":"URL: https://d37ci6vzurychx.cloudfront.net/trip-data/green_tripdata_2020-01.parquet","logger":"task.stdout"}
{"timestamp":"2025-12-08T19:57:37.766808Z","level":"info","event":"Successfully downloaded 7183298 bytes","logger":"task.stdout"}
{"timestamp":"2025-12-08T19:57:37.767007Z","level":"info","event":"Saved to: /opt/airflow/dags/data/green_tripdata_2020-01.parquet","logger":"task.stdout"}
{"timestamp":"2025-12-08T19:57:37.805629Z","level":"info","event":"Done. Returned value was: /opt/airflow/dags/data/green_tripdata_2020-01.parquet","logger":"airflow.task.operators.airflow.providers.standard.operators.python.PythonOperator","filename":"python.py","lineno":215}
{"timestamp":"2025-12-08T19:57:37.805865Z","level":"info","event":"Pushing xcom","ti":"RuntimeTaskInstance(id=UUID('019aff8a-48c3-7c55-aea5-f3b7f3cc23eb'), task_id='extract', dag_id='nyc_green_taxi_pipeline', run_id='scheduled__2020-01-01T00:00:00+00:00', try_number=1, dag_version_id=UUID('019aff89-6975-74a1-bfae-4d62bb688b54'), map_index=-1, hostname='9644a9f340a9', context_carrier={}, task=<Task(PythonOperator): extract>, bundle_instance=LocalDagBundle(name=dags-folder), max_tries=2, start_date=datetime.datetime(2025, 12, 8, 19, 57, 29, 164289, tzinfo=datetime.timezone.utc), end_date=None, state=<TaskInstanceState.RUNNING: 'running'>, is_mapped=False, rendered_map_index=None)","logger":"task","filename":"task_runner.py","lineno":1360}
{"timestamp":"2025-12-08T20:12:19.760699Z","level":"info","event":"DAG bundles loaded: dags-folder","logger":"airflow.dag_processing.bundles.manager.DagBundlesManager","filename":"manager.py","lineno":179}
{"timestamp":"2025-12-08T20:12:19.761369Z","level":"info","event":"Filling up the DagBag from /opt/airflow/dags/etl_pipeline.py","logger":"airflow.models.dagbag.DagBag","filename":"dagbag.py","lineno":593}
{"timestamp":"2025-12-08T20:12:20.147874Z","level":"warning","event":"The `airflow.operators.python.PythonOperator` attribute is deprecated. Please use `'airflow.providers.standard.operators.python.PythonOperator'`.","category":"DeprecatedImportWarning","filename":"/opt/airflow/dags/etl_pipeline.py","lineno":9,"logger":"py.warnings"}
{"timestamp":"2025-12-08T20:12:20.148077Z","level":"warning","event":"The `airflow.operators.bash.BashOperator` attribute is deprecated. Please use `'airflow.providers.standard.operators.bash.BashOperator'`.","category":"DeprecatedImportWarning","filename":"/opt/airflow/dags/etl_pipeline.py","lineno":10,"logger":"py.warnings"}
{"timestamp":"2025-12-08T20:12:20.173565Z","level":"info","event":"Extracting data for 2020-01","logger":"task.stdout"}
{"timestamp":"2025-12-08T20:12:20.173705Z","level":"info","event":"URL: https://d37ci6vzurychx.cloudfront.net/trip-data/green_tripdata_2020-01.parquet","logger":"task.stdout"}
{"timestamp":"2025-12-08T20:12:23.472788Z","level":"info","event":"Successfully downloaded 7183298 bytes","logger":"task.stdout"}
{"timestamp":"2025-12-08T20:12:23.472995Z","level":"info","event":"Saved to: /opt/airflow/dags/data/green_tripdata_2020-01.parquet","logger":"task.stdout"}
{"timestamp":"2025-12-08T20:12:23.571064Z","level":"info","event":"Done. Returned value was: /opt/airflow/dags/data/green_tripdata_2020-01.parquet","logger":"airflow.task.operators.airflow.providers.standard.operators.python.PythonOperator","filename":"python.py","lineno":215}
{"timestamp":"2025-12-08T20:12:23.571452Z","level":"info","event":"Pushing xcom","ti":"RuntimeTaskInstance(id=UUID('019aff97-d8b9-70cb-a8d2-f5f6cb065d3a'), task_id='extract', dag_id='nyc_green_taxi_pipeline', run_id='scheduled__2020-01-01T00:00:00+00:00', try_number=1, dag_version_id=UUID('019aff96-3c61-7292-9940-8a5d26b489d9'), map_index=-1, hostname='4c498cc5fb07', context_carrier={}, task=<Task(PythonOperator): extract>, bundle_instance=LocalDagBundle(name=dags-folder), max_tries=2, start_date=datetime.datetime(2025, 12, 8, 20, 12, 19, 661851, tzinfo=datetime.timezone.utc), end_date=None, state=<TaskInstanceState.RUNNING: 'running'>, is_mapped=False, rendered_map_index=None)","logger":"task","filename":"task_runner.py","lineno":1360}
{"timestamp":"2025-12-08T20:24:21.436823Z","level":"info","event":"DAG bundles loaded: dags-folder","logger":"airflow.dag_processing.bundles.manager.DagBundlesManager","filename":"manager.py","lineno":179}
{"timestamp":"2025-12-08T20:24:21.438103Z","level":"info","event":"Filling up the DagBag from /opt/airflow/dags/etl_pipeline.py","logger":"airflow.models.dagbag.DagBag","filename":"dagbag.py","lineno":593}
{"timestamp":"2025-12-08T20:24:21.886384Z","level":"warning","event":"The `airflow.operators.python.PythonOperator` attribute is deprecated. Please use `'airflow.providers.standard.operators.python.PythonOperator'`.","category":"DeprecatedImportWarning","filename":"/opt/airflow/dags/etl_pipeline.py","lineno":9,"logger":"py.warnings"}
{"timestamp":"2025-12-08T20:24:21.886531Z","level":"warning","event":"The `airflow.operators.bash.BashOperator` attribute is deprecated. Please use `'airflow.providers.standard.operators.bash.BashOperator'`.","category":"DeprecatedImportWarning","filename":"/opt/airflow/dags/etl_pipeline.py","lineno":10,"logger":"py.warnings"}
{"timestamp":"2025-12-08T20:24:21.924681Z","level":"info","event":"Extracting data for 2020-01","logger":"task.stdout"}
{"timestamp":"2025-12-08T20:24:21.924893Z","level":"info","event":"URL: https://d37ci6vzurychx.cloudfront.net/trip-data/green_tripdata_2020-01.parquet","logger":"task.stdout"}
{"timestamp":"2025-12-08T20:24:25.025612Z","level":"info","event":"Successfully downloaded 7183298 bytes","logger":"task.stdout"}
{"timestamp":"2025-12-08T20:24:25.025898Z","level":"info","event":"Saved to: /opt/airflow/dags/data/green_tripdata_2020-01.parquet","logger":"task.stdout"}
{"timestamp":"2025-12-08T20:24:25.170119Z","level":"info","event":"Done. Returned value was: /opt/airflow/dags/data/green_tripdata_2020-01.parquet","logger":"airflow.task.operators.airflow.providers.standard.operators.python.PythonOperator","filename":"python.py","lineno":215}
{"timestamp":"2025-12-08T20:24:25.170571Z","level":"info","event":"Pushing xcom","ti":"RuntimeTaskInstance(id=UUID('019affa2-de37-7d84-afcf-1251649d4a85'), task_id='extract', dag_id='nyc_green_taxi_pipeline', run_id='scheduled__2020-01-01T00:00:00+00:00', try_number=1, dag_version_id=UUID('019affa0-c9bd-717b-8113-79f52f94827e'), map_index=-1, hostname='ac03d8a3e9c9', context_carrier={}, task=<Task(PythonOperator): extract>, bundle_instance=LocalDagBundle(name=dags-folder), max_tries=2, start_date=datetime.datetime(2025, 12, 8, 20, 24, 21, 360471, tzinfo=datetime.timezone.utc), end_date=None, state=<TaskInstanceState.RUNNING: 'running'>, is_mapped=False, rendered_map_index=None)","logger":"task","filename":"task_runner.py","lineno":1360}
