{"timestamp":"2025-12-08T20:07:55.756574Z","level":"info","event":"DAG bundles loaded: dags-folder","logger":"airflow.dag_processing.bundles.manager.DagBundlesManager","filename":"manager.py","lineno":179}
{"timestamp":"2025-12-08T20:07:55.757315Z","level":"info","event":"Filling up the DagBag from /opt/airflow/dags/etl_pipeline.py","logger":"airflow.models.dagbag.DagBag","filename":"dagbag.py","lineno":593}
{"timestamp":"2025-12-08T20:07:56.140477Z","level":"warning","event":"The `airflow.operators.python.PythonOperator` attribute is deprecated. Please use `'airflow.providers.standard.operators.python.PythonOperator'`.","category":"DeprecatedImportWarning","filename":"/opt/airflow/dags/etl_pipeline.py","lineno":9,"logger":"py.warnings"}
{"timestamp":"2025-12-08T20:07:56.140600Z","level":"warning","event":"The `airflow.operators.bash.BashOperator` attribute is deprecated. Please use `'airflow.providers.standard.operators.bash.BashOperator'`.","category":"DeprecatedImportWarning","filename":"/opt/airflow/dags/etl_pipeline.py","lineno":10,"logger":"py.warnings"}
{"timestamp":"2025-12-08T20:07:56.168661Z","level":"info","event":"Loading data for 2020-04 into PostgreSQL","logger":"task.stdout"}
{"timestamp":"2025-12-08T20:07:56.168798Z","level":"info","event":"File: /opt/airflow/dags/data/green_tripdata_2020-04.parquet","logger":"task.stdout"}
{"timestamp":"2025-12-08T20:07:56.199632Z","level":"info","event":"Loading 35644 records to database...","logger":"task.stdout"}
{"timestamp":"2025-12-08T20:08:12.150654Z","level":"info","event":"Successfully loaded 35644 records to table 'green_taxi_2020_04'","logger":"task.stdout"}
{"timestamp":"2025-12-08T20:08:12.282643Z","level":"info","event":"Verification: Table 'green_taxi_2020_04' contains 35644 records","logger":"task.stdout"}
{"timestamp":"2025-12-08T20:08:12.342508Z","level":"info","event":"Done. Returned value was: 35644","logger":"airflow.task.operators.airflow.providers.standard.operators.python.PythonOperator","filename":"python.py","lineno":215}
{"timestamp":"2025-12-08T20:08:12.342946Z","level":"info","event":"Pushing xcom","ti":"RuntimeTaskInstance(id=UUID('019aff93-d8b7-71dc-bd9d-059af42de129'), task_id='load', dag_id='nyc_green_taxi_pipeline', run_id='scheduled__2020-04-01T00:00:00+00:00', try_number=1, dag_version_id=UUID('019aff89-6975-74a1-bfae-4d62bb688b54'), map_index=-1, hostname='9644a9f340a9', context_carrier={}, task=<Task(PythonOperator): load>, bundle_instance=LocalDagBundle(name=dags-folder), max_tries=2, start_date=datetime.datetime(2025, 12, 8, 20, 7, 55, 703876, tzinfo=datetime.timezone.utc), end_date=None, state=<TaskInstanceState.RUNNING: 'running'>, is_mapped=False, rendered_map_index=None)","logger":"task","filename":"task_runner.py","lineno":1360}
{"timestamp":"2025-12-08T20:15:20.631075Z","level":"info","event":"DAG bundles loaded: dags-folder","logger":"airflow.dag_processing.bundles.manager.DagBundlesManager","filename":"manager.py","lineno":179}
{"timestamp":"2025-12-08T20:15:20.631734Z","level":"info","event":"Filling up the DagBag from /opt/airflow/dags/etl_pipeline.py","logger":"airflow.models.dagbag.DagBag","filename":"dagbag.py","lineno":593}
{"timestamp":"2025-12-08T20:15:20.918175Z","level":"warning","event":"The `airflow.operators.python.PythonOperator` attribute is deprecated. Please use `'airflow.providers.standard.operators.python.PythonOperator'`.","category":"DeprecatedImportWarning","filename":"/opt/airflow/dags/etl_pipeline.py","lineno":9,"logger":"py.warnings"}
{"timestamp":"2025-12-08T20:15:20.918362Z","level":"warning","event":"The `airflow.operators.bash.BashOperator` attribute is deprecated. Please use `'airflow.providers.standard.operators.bash.BashOperator'`.","category":"DeprecatedImportWarning","filename":"/opt/airflow/dags/etl_pipeline.py","lineno":10,"logger":"py.warnings"}
{"timestamp":"2025-12-08T20:15:20.967176Z","level":"info","event":"Loading data for 2020-04 into PostgreSQL","logger":"task.stdout"}
{"timestamp":"2025-12-08T20:15:20.967337Z","level":"info","event":"File: /opt/airflow/dags/data/green_tripdata_2020-04.parquet","logger":"task.stdout"}
{"timestamp":"2025-12-08T20:15:21.000476Z","level":"info","event":"Loading 35644 records to database...","logger":"task.stdout"}
{"timestamp":"2025-12-08T20:15:38.451074Z","level":"info","event":"Successfully loaded 35644 records to table 'green_taxi_2020_04'","logger":"task.stdout"}
{"timestamp":"2025-12-08T20:15:38.683233Z","level":"info","event":"Verification: Table 'green_taxi_2020_04' contains 35644 records","logger":"task.stdout"}
{"timestamp":"2025-12-08T20:15:38.741091Z","level":"info","event":"Done. Returned value was: 35644","logger":"airflow.task.operators.airflow.providers.standard.operators.python.PythonOperator","filename":"python.py","lineno":215}
{"timestamp":"2025-12-08T20:15:38.741382Z","level":"info","event":"Pushing xcom","ti":"RuntimeTaskInstance(id=UUID('019aff9a-a2a2-7be3-afb5-fcbfd0ede1cf'), task_id='load', dag_id='nyc_green_taxi_pipeline', run_id='scheduled__2020-04-01T00:00:00+00:00', try_number=1, dag_version_id=UUID('019aff96-3c61-7292-9940-8a5d26b489d9'), map_index=-1, hostname='4c498cc5fb07', context_carrier={}, task=<Task(PythonOperator): load>, bundle_instance=LocalDagBundle(name=dags-folder), max_tries=2, start_date=datetime.datetime(2025, 12, 8, 20, 15, 20, 604160, tzinfo=datetime.timezone.utc), end_date=None, state=<TaskInstanceState.RUNNING: 'running'>, is_mapped=False, rendered_map_index=None)","logger":"task","filename":"task_runner.py","lineno":1360}
