{"timestamp":"2025-12-08T19:51:39.591543Z","level":"info","event":"DAG bundles loaded: dags-folder","logger":"airflow.dag_processing.bundles.manager.DagBundlesManager","filename":"manager.py","lineno":179}
{"timestamp":"2025-12-08T19:51:39.592358Z","level":"info","event":"Filling up the DagBag from /opt/airflow/dags/etl_pipeline.py","logger":"airflow.models.dagbag.DagBag","filename":"dagbag.py","lineno":593}
{"timestamp":"2025-12-08T19:51:40.032604Z","level":"warning","event":"The `airflow.operators.python.PythonOperator` attribute is deprecated. Please use `'airflow.providers.standard.operators.python.PythonOperator'`.","category":"DeprecatedImportWarning","filename":"/opt/airflow/dags/etl_pipeline.py","lineno":9,"logger":"py.warnings"}
{"timestamp":"2025-12-08T19:51:40.032771Z","level":"warning","event":"The `airflow.operators.bash.BashOperator` attribute is deprecated. Please use `'airflow.providers.standard.operators.bash.BashOperator'`.","category":"DeprecatedImportWarning","filename":"/opt/airflow/dags/etl_pipeline.py","lineno":10,"logger":"py.warnings"}
{"timestamp":"2025-12-08T19:51:40.052275Z","level":"info","event":"Extracting data for 2020-03","logger":"task.stdout"}
{"timestamp":"2025-12-08T19:51:40.052564Z","level":"info","event":"URL: https://d37ci6vzurychx.cloudfront.net/trip-data/green_tripdata_2020-03.parquet","logger":"task.stdout"}
{"timestamp":"2025-12-08T19:51:42.836603Z","level":"info","event":"Successfully downloaded 4019591 bytes","logger":"task.stdout"}
{"timestamp":"2025-12-08T19:51:42.836758Z","level":"info","event":"Saved to: /opt/airflow/dags/data/green_tripdata_2020-03.parquet","logger":"task.stdout"}
{"timestamp":"2025-12-08T19:51:42.873416Z","level":"info","event":"Done. Returned value was: /opt/airflow/dags/data/green_tripdata_2020-03.parquet","logger":"airflow.task.operators.airflow.providers.standard.operators.python.PythonOperator","filename":"python.py","lineno":215}
{"timestamp":"2025-12-08T19:51:42.873690Z","level":"info","event":"Pushing xcom","ti":"RuntimeTaskInstance(id=UUID('019aff84-f522-71c4-8345-2f7e27275b94'), task_id='extract', dag_id='nyc_green_taxi_pipeline', run_id='scheduled__2020-03-01T00:00:00+00:00', try_number=1, dag_version_id=UUID('019aff83-e3ae-7661-b557-966ebbe77c95'), map_index=-1, hostname='5da3fa7d3bfb', context_carrier={}, task=<Task(PythonOperator): extract>, bundle_instance=LocalDagBundle(name=dags-folder), max_tries=2, start_date=datetime.datetime(2025, 12, 8, 19, 51, 39, 511418, tzinfo=datetime.timezone.utc), end_date=None, state=<TaskInstanceState.RUNNING: 'running'>, is_mapped=False, rendered_map_index=None)","logger":"task","filename":"task_runner.py","lineno":1360}
{"timestamp":"2025-12-08T20:05:42.177253Z","level":"info","event":"DAG bundles loaded: dags-folder","logger":"airflow.dag_processing.bundles.manager.DagBundlesManager","filename":"manager.py","lineno":179}
{"timestamp":"2025-12-08T20:05:42.177761Z","level":"info","event":"Filling up the DagBag from /opt/airflow/dags/etl_pipeline.py","logger":"airflow.models.dagbag.DagBag","filename":"dagbag.py","lineno":593}
{"timestamp":"2025-12-08T20:05:42.404031Z","level":"warning","event":"The `airflow.operators.python.PythonOperator` attribute is deprecated. Please use `'airflow.providers.standard.operators.python.PythonOperator'`.","category":"DeprecatedImportWarning","filename":"/opt/airflow/dags/etl_pipeline.py","lineno":9,"logger":"py.warnings"}
{"timestamp":"2025-12-08T20:05:42.404135Z","level":"warning","event":"The `airflow.operators.bash.BashOperator` attribute is deprecated. Please use `'airflow.providers.standard.operators.bash.BashOperator'`.","category":"DeprecatedImportWarning","filename":"/opt/airflow/dags/etl_pipeline.py","lineno":10,"logger":"py.warnings"}
{"timestamp":"2025-12-08T20:05:42.418551Z","level":"info","event":"Extracting data for 2020-03","logger":"task.stdout"}
{"timestamp":"2025-12-08T20:05:42.418661Z","level":"info","event":"URL: https://d37ci6vzurychx.cloudfront.net/trip-data/green_tripdata_2020-03.parquet","logger":"task.stdout"}
{"timestamp":"2025-12-08T20:05:43.266726Z","level":"info","event":"Successfully downloaded 4019591 bytes","logger":"task.stdout"}
{"timestamp":"2025-12-08T20:05:43.266959Z","level":"info","event":"Saved to: /opt/airflow/dags/data/green_tripdata_2020-03.parquet","logger":"task.stdout"}
{"timestamp":"2025-12-08T20:05:43.294291Z","level":"info","event":"Done. Returned value was: /opt/airflow/dags/data/green_tripdata_2020-03.parquet","logger":"airflow.task.operators.airflow.providers.standard.operators.python.PythonOperator","filename":"python.py","lineno":215}
{"timestamp":"2025-12-08T20:05:43.294560Z","level":"info","event":"Pushing xcom","ti":"RuntimeTaskInstance(id=UUID('019aff91-ddd2-7a24-a918-bca32d8dd71e'), task_id='extract', dag_id='nyc_green_taxi_pipeline', run_id='scheduled__2020-03-01T00:00:00+00:00', try_number=1, dag_version_id=UUID('019aff89-6975-74a1-bfae-4d62bb688b54'), map_index=-1, hostname='9644a9f340a9', context_carrier={}, task=<Task(PythonOperator): extract>, bundle_instance=LocalDagBundle(name=dags-folder), max_tries=2, start_date=datetime.datetime(2025, 12, 8, 20, 5, 42, 153202, tzinfo=datetime.timezone.utc), end_date=None, state=<TaskInstanceState.RUNNING: 'running'>, is_mapped=False, rendered_map_index=None)","logger":"task","filename":"task_runner.py","lineno":1360}
{"timestamp":"2025-12-08T20:13:05.983319Z","level":"info","event":"DAG bundles loaded: dags-folder","logger":"airflow.dag_processing.bundles.manager.DagBundlesManager","filename":"manager.py","lineno":179}
{"timestamp":"2025-12-08T20:13:05.984257Z","level":"info","event":"Filling up the DagBag from /opt/airflow/dags/etl_pipeline.py","logger":"airflow.models.dagbag.DagBag","filename":"dagbag.py","lineno":593}
{"timestamp":"2025-12-08T20:13:06.395894Z","level":"warning","event":"The `airflow.operators.python.PythonOperator` attribute is deprecated. Please use `'airflow.providers.standard.operators.python.PythonOperator'`.","category":"DeprecatedImportWarning","filename":"/opt/airflow/dags/etl_pipeline.py","lineno":9,"logger":"py.warnings"}
{"timestamp":"2025-12-08T20:13:06.396042Z","level":"warning","event":"The `airflow.operators.bash.BashOperator` attribute is deprecated. Please use `'airflow.providers.standard.operators.bash.BashOperator'`.","category":"DeprecatedImportWarning","filename":"/opt/airflow/dags/etl_pipeline.py","lineno":10,"logger":"py.warnings"}
{"timestamp":"2025-12-08T20:13:06.419065Z","level":"info","event":"Extracting data for 2020-03","logger":"task.stdout"}
{"timestamp":"2025-12-08T20:13:06.419308Z","level":"info","event":"URL: https://d37ci6vzurychx.cloudfront.net/trip-data/green_tripdata_2020-03.parquet","logger":"task.stdout"}
{"timestamp":"2025-12-08T20:13:07.259239Z","level":"info","event":"Successfully downloaded 4019591 bytes","logger":"task.stdout"}
{"timestamp":"2025-12-08T20:13:07.259504Z","level":"info","event":"Saved to: /opt/airflow/dags/data/green_tripdata_2020-03.parquet","logger":"task.stdout"}
{"timestamp":"2025-12-08T20:13:07.296425Z","level":"info","event":"Done. Returned value was: /opt/airflow/dags/data/green_tripdata_2020-03.parquet","logger":"airflow.task.operators.airflow.providers.standard.operators.python.PythonOperator","filename":"python.py","lineno":215}
{"timestamp":"2025-12-08T20:13:07.296690Z","level":"info","event":"Pushing xcom","ti":"RuntimeTaskInstance(id=UUID('019aff98-a2a5-7010-8bfc-29d3a15eb785'), task_id='extract', dag_id='nyc_green_taxi_pipeline', run_id='scheduled__2020-03-01T00:00:00+00:00', try_number=1, dag_version_id=UUID('019aff96-3c61-7292-9940-8a5d26b489d9'), map_index=-1, hostname='4c498cc5fb07', context_carrier={}, task=<Task(PythonOperator): extract>, bundle_instance=LocalDagBundle(name=dags-folder), max_tries=2, start_date=datetime.datetime(2025, 12, 8, 20, 13, 5, 933105, tzinfo=datetime.timezone.utc), end_date=None, state=<TaskInstanceState.RUNNING: 'running'>, is_mapped=False, rendered_map_index=None)","logger":"task","filename":"task_runner.py","lineno":1360}
{"timestamp":"2025-12-08T20:24:21.435632Z","level":"info","event":"DAG bundles loaded: dags-folder","logger":"airflow.dag_processing.bundles.manager.DagBundlesManager","filename":"manager.py","lineno":179}
{"timestamp":"2025-12-08T20:24:21.437211Z","level":"info","event":"Filling up the DagBag from /opt/airflow/dags/etl_pipeline.py","logger":"airflow.models.dagbag.DagBag","filename":"dagbag.py","lineno":593}
{"timestamp":"2025-12-08T20:24:21.886455Z","level":"warning","event":"The `airflow.operators.python.PythonOperator` attribute is deprecated. Please use `'airflow.providers.standard.operators.python.PythonOperator'`.","category":"DeprecatedImportWarning","filename":"/opt/airflow/dags/etl_pipeline.py","lineno":9,"logger":"py.warnings"}
{"timestamp":"2025-12-08T20:24:21.886583Z","level":"warning","event":"The `airflow.operators.bash.BashOperator` attribute is deprecated. Please use `'airflow.providers.standard.operators.bash.BashOperator'`.","category":"DeprecatedImportWarning","filename":"/opt/airflow/dags/etl_pipeline.py","lineno":10,"logger":"py.warnings"}
{"timestamp":"2025-12-08T20:24:21.922036Z","level":"info","event":"Extracting data for 2020-03","logger":"task.stdout"}
{"timestamp":"2025-12-08T20:24:21.922290Z","level":"info","event":"URL: https://d37ci6vzurychx.cloudfront.net/trip-data/green_tripdata_2020-03.parquet","logger":"task.stdout"}
{"timestamp":"2025-12-08T20:24:24.256134Z","level":"info","event":"Successfully downloaded 4019591 bytes","logger":"task.stdout"}
{"timestamp":"2025-12-08T20:24:24.256561Z","level":"info","event":"Saved to: /opt/airflow/dags/data/green_tripdata_2020-03.parquet","logger":"task.stdout"}
{"timestamp":"2025-12-08T20:24:24.313210Z","level":"info","event":"Done. Returned value was: /opt/airflow/dags/data/green_tripdata_2020-03.parquet","logger":"airflow.task.operators.airflow.providers.standard.operators.python.PythonOperator","filename":"python.py","lineno":215}
{"timestamp":"2025-12-08T20:24:24.313502Z","level":"info","event":"Pushing xcom","ti":"RuntimeTaskInstance(id=UUID('019affa2-e13a-7da1-8826-73d4827d7afc'), task_id='extract', dag_id='nyc_green_taxi_pipeline', run_id='scheduled__2020-03-01T00:00:00+00:00', try_number=1, dag_version_id=UUID('019affa0-c9bd-717b-8113-79f52f94827e'), map_index=-1, hostname='ac03d8a3e9c9', context_carrier={}, task=<Task(PythonOperator): extract>, bundle_instance=LocalDagBundle(name=dags-folder), max_tries=2, start_date=datetime.datetime(2025, 12, 8, 20, 24, 21, 359575, tzinfo=datetime.timezone.utc), end_date=None, state=<TaskInstanceState.RUNNING: 'running'>, is_mapped=False, rendered_map_index=None)","logger":"task","filename":"task_runner.py","lineno":1360}
