{"timestamp":"2025-12-08T20:08:20.409407Z","level":"info","event":"DAG bundles loaded: dags-folder","logger":"airflow.dag_processing.bundles.manager.DagBundlesManager","filename":"manager.py","lineno":179}
{"timestamp":"2025-12-08T20:08:20.410352Z","level":"info","event":"Filling up the DagBag from /opt/airflow/dags/etl_pipeline.py","logger":"airflow.models.dagbag.DagBag","filename":"dagbag.py","lineno":593}
{"timestamp":"2025-12-08T20:08:20.661670Z","level":"warning","event":"The `airflow.operators.python.PythonOperator` attribute is deprecated. Please use `'airflow.providers.standard.operators.python.PythonOperator'`.","category":"DeprecatedImportWarning","filename":"/opt/airflow/dags/etl_pipeline.py","lineno":9,"logger":"py.warnings"}
{"timestamp":"2025-12-08T20:08:20.661791Z","level":"warning","event":"The `airflow.operators.bash.BashOperator` attribute is deprecated. Please use `'airflow.providers.standard.operators.bash.BashOperator'`.","category":"DeprecatedImportWarning","filename":"/opt/airflow/dags/etl_pipeline.py","lineno":10,"logger":"py.warnings"}
{"timestamp":"2025-12-08T20:08:20.688783Z","level":"info","event":"Loading data for 2020-05 into PostgreSQL","logger":"task.stdout"}
{"timestamp":"2025-12-08T20:08:20.688952Z","level":"info","event":"File: /opt/airflow/dags/data/green_tripdata_2020-05.parquet","logger":"task.stdout"}
{"timestamp":"2025-12-08T20:08:20.712905Z","level":"info","event":"Loading 57361 records to database...","logger":"task.stdout"}
{"timestamp":"2025-12-08T20:08:47.345404Z","level":"info","event":"Successfully loaded 57361 records to table 'green_taxi_2020_05'","logger":"task.stdout"}
{"timestamp":"2025-12-08T20:08:47.580818Z","level":"info","event":"Verification: Table 'green_taxi_2020_05' contains 57361 records","logger":"task.stdout"}
{"timestamp":"2025-12-08T20:08:47.640424Z","level":"info","event":"Done. Returned value was: 57361","logger":"airflow.task.operators.airflow.providers.standard.operators.python.PythonOperator","filename":"python.py","lineno":215}
{"timestamp":"2025-12-08T20:08:47.640877Z","level":"info","event":"Pushing xcom","ti":"RuntimeTaskInstance(id=UUID('019aff94-3853-743a-ad6a-c42812445664'), task_id='load', dag_id='nyc_green_taxi_pipeline', run_id='scheduled__2020-05-01T00:00:00+00:00', try_number=1, dag_version_id=UUID('019aff89-6975-74a1-bfae-4d62bb688b54'), map_index=-1, hostname='9644a9f340a9', context_carrier={}, task=<Task(PythonOperator): load>, bundle_instance=LocalDagBundle(name=dags-folder), max_tries=2, start_date=datetime.datetime(2025, 12, 8, 20, 8, 20, 372180, tzinfo=datetime.timezone.utc), end_date=None, state=<TaskInstanceState.RUNNING: 'running'>, is_mapped=False, rendered_map_index=None)","logger":"task","filename":"task_runner.py","lineno":1360}
{"timestamp":"2025-12-08T20:15:46.594644Z","level":"info","event":"DAG bundles loaded: dags-folder","logger":"airflow.dag_processing.bundles.manager.DagBundlesManager","filename":"manager.py","lineno":179}
{"timestamp":"2025-12-08T20:15:46.595221Z","level":"info","event":"Filling up the DagBag from /opt/airflow/dags/etl_pipeline.py","logger":"airflow.models.dagbag.DagBag","filename":"dagbag.py","lineno":593}
{"timestamp":"2025-12-08T20:15:46.841115Z","level":"warning","event":"The `airflow.operators.python.PythonOperator` attribute is deprecated. Please use `'airflow.providers.standard.operators.python.PythonOperator'`.","category":"DeprecatedImportWarning","filename":"/opt/airflow/dags/etl_pipeline.py","lineno":9,"logger":"py.warnings"}
{"timestamp":"2025-12-08T20:15:46.841259Z","level":"warning","event":"The `airflow.operators.bash.BashOperator` attribute is deprecated. Please use `'airflow.providers.standard.operators.bash.BashOperator'`.","category":"DeprecatedImportWarning","filename":"/opt/airflow/dags/etl_pipeline.py","lineno":10,"logger":"py.warnings"}
{"timestamp":"2025-12-08T20:15:46.979943Z","level":"info","event":"Loading data for 2020-05 into PostgreSQL","logger":"task.stdout"}
{"timestamp":"2025-12-08T20:15:46.980126Z","level":"info","event":"File: /opt/airflow/dags/data/green_tripdata_2020-05.parquet","logger":"task.stdout"}
{"timestamp":"2025-12-08T20:15:47.009131Z","level":"info","event":"Loading 57361 records to database...","logger":"task.stdout"}
{"timestamp":"2025-12-08T20:16:13.684363Z","level":"info","event":"Successfully loaded 57361 records to table 'green_taxi_2020_05'","logger":"task.stdout"}
{"timestamp":"2025-12-08T20:16:14.129875Z","level":"info","event":"Verification: Table 'green_taxi_2020_05' contains 57361 records","logger":"task.stdout"}
{"timestamp":"2025-12-08T20:16:14.188575Z","level":"info","event":"Done. Returned value was: 57361","logger":"airflow.task.operators.airflow.providers.standard.operators.python.PythonOperator","filename":"python.py","lineno":215}
{"timestamp":"2025-12-08T20:16:14.188872Z","level":"info","event":"Pushing xcom","ti":"RuntimeTaskInstance(id=UUID('019aff9b-0767-7109-82fa-55af1852d952'), task_id='load', dag_id='nyc_green_taxi_pipeline', run_id='scheduled__2020-05-01T00:00:00+00:00', try_number=1, dag_version_id=UUID('019aff96-3c61-7292-9940-8a5d26b489d9'), map_index=-1, hostname='4c498cc5fb07', context_carrier={}, task=<Task(PythonOperator): load>, bundle_instance=LocalDagBundle(name=dags-folder), max_tries=2, start_date=datetime.datetime(2025, 12, 8, 20, 15, 46, 440402, tzinfo=datetime.timezone.utc), end_date=None, state=<TaskInstanceState.RUNNING: 'running'>, is_mapped=False, rendered_map_index=None)","logger":"task","filename":"task_runner.py","lineno":1360}
