{"timestamp":"2025-12-08T20:08:51.034589Z","level":"info","event":"DAG bundles loaded: dags-folder","logger":"airflow.dag_processing.bundles.manager.DagBundlesManager","filename":"manager.py","lineno":179}
{"timestamp":"2025-12-08T20:08:51.035190Z","level":"info","event":"Filling up the DagBag from /opt/airflow/dags/etl_pipeline.py","logger":"airflow.models.dagbag.DagBag","filename":"dagbag.py","lineno":593}
{"timestamp":"2025-12-08T20:08:51.274800Z","level":"warning","event":"The `airflow.operators.python.PythonOperator` attribute is deprecated. Please use `'airflow.providers.standard.operators.python.PythonOperator'`.","category":"DeprecatedImportWarning","filename":"/opt/airflow/dags/etl_pipeline.py","lineno":9,"logger":"py.warnings"}
{"timestamp":"2025-12-08T20:08:51.274925Z","level":"warning","event":"The `airflow.operators.bash.BashOperator` attribute is deprecated. Please use `'airflow.providers.standard.operators.bash.BashOperator'`.","category":"DeprecatedImportWarning","filename":"/opt/airflow/dags/etl_pipeline.py","lineno":10,"logger":"py.warnings"}
{"timestamp":"2025-12-08T20:08:51.294064Z","level":"info","event":"Extracting data for 2020-06","logger":"task.stdout"}
{"timestamp":"2025-12-08T20:08:51.294188Z","level":"info","event":"URL: https://d37ci6vzurychx.cloudfront.net/trip-data/green_tripdata_2020-06.parquet","logger":"task.stdout"}
{"timestamp":"2025-12-08T20:08:51.704889Z","level":"info","event":"Successfully downloaded 1205174 bytes","logger":"task.stdout"}
{"timestamp":"2025-12-08T20:08:51.705067Z","level":"info","event":"Saved to: /opt/airflow/dags/data/green_tripdata_2020-06.parquet","logger":"task.stdout"}
{"timestamp":"2025-12-08T20:08:51.730661Z","level":"info","event":"Done. Returned value was: /opt/airflow/dags/data/green_tripdata_2020-06.parquet","logger":"airflow.task.operators.airflow.providers.standard.operators.python.PythonOperator","filename":"python.py","lineno":215}
{"timestamp":"2025-12-08T20:08:51.730867Z","level":"info","event":"Pushing xcom","ti":"RuntimeTaskInstance(id=UUID('019aff94-c16a-7a24-a74e-8b43b4458a60'), task_id='extract', dag_id='nyc_green_taxi_pipeline', run_id='scheduled__2020-06-01T00:00:00+00:00', try_number=1, dag_version_id=UUID('019aff89-6975-74a1-bfae-4d62bb688b54'), map_index=-1, hostname='9644a9f340a9', context_carrier={}, task=<Task(PythonOperator): extract>, bundle_instance=LocalDagBundle(name=dags-folder), max_tries=2, start_date=datetime.datetime(2025, 12, 8, 20, 8, 51, 2475, tzinfo=datetime.timezone.utc), end_date=None, state=<TaskInstanceState.RUNNING: 'running'>, is_mapped=False, rendered_map_index=None)","logger":"task","filename":"task_runner.py","lineno":1360}
{"timestamp":"2025-12-08T20:16:03.984598Z","level":"info","event":"DAG bundles loaded: dags-folder","logger":"airflow.dag_processing.bundles.manager.DagBundlesManager","filename":"manager.py","lineno":179}
{"timestamp":"2025-12-08T20:16:03.985407Z","level":"info","event":"Filling up the DagBag from /opt/airflow/dags/etl_pipeline.py","logger":"airflow.models.dagbag.DagBag","filename":"dagbag.py","lineno":593}
{"timestamp":"2025-12-08T20:16:04.290832Z","level":"warning","event":"The `airflow.operators.python.PythonOperator` attribute is deprecated. Please use `'airflow.providers.standard.operators.python.PythonOperator'`.","category":"DeprecatedImportWarning","filename":"/opt/airflow/dags/etl_pipeline.py","lineno":9,"logger":"py.warnings"}
{"timestamp":"2025-12-08T20:16:04.290964Z","level":"warning","event":"The `airflow.operators.bash.BashOperator` attribute is deprecated. Please use `'airflow.providers.standard.operators.bash.BashOperator'`.","category":"DeprecatedImportWarning","filename":"/opt/airflow/dags/etl_pipeline.py","lineno":10,"logger":"py.warnings"}
{"timestamp":"2025-12-08T20:16:04.315247Z","level":"info","event":"Extracting data for 2020-06","logger":"task.stdout"}
{"timestamp":"2025-12-08T20:16:04.315397Z","level":"info","event":"URL: https://d37ci6vzurychx.cloudfront.net/trip-data/green_tripdata_2020-06.parquet","logger":"task.stdout"}
{"timestamp":"2025-12-08T20:16:04.744504Z","level":"info","event":"Successfully downloaded 1205174 bytes","logger":"task.stdout"}
{"timestamp":"2025-12-08T20:16:04.744775Z","level":"info","event":"Saved to: /opt/airflow/dags/data/green_tripdata_2020-06.parquet","logger":"task.stdout"}
{"timestamp":"2025-12-08T20:16:04.793630Z","level":"info","event":"Done. Returned value was: /opt/airflow/dags/data/green_tripdata_2020-06.parquet","logger":"airflow.task.operators.airflow.providers.standard.operators.python.PythonOperator","filename":"python.py","lineno":215}
{"timestamp":"2025-12-08T20:16:04.793979Z","level":"info","event":"Pushing xcom","ti":"RuntimeTaskInstance(id=UUID('019aff9b-5c2b-7cc4-85ed-763422be453a'), task_id='extract', dag_id='nyc_green_taxi_pipeline', run_id='scheduled__2020-06-01T00:00:00+00:00', try_number=1, dag_version_id=UUID('019aff96-3c61-7292-9940-8a5d26b489d9'), map_index=-1, hostname='4c498cc5fb07', context_carrier={}, task=<Task(PythonOperator): extract>, bundle_instance=LocalDagBundle(name=dags-folder), max_tries=2, start_date=datetime.datetime(2025, 12, 8, 20, 16, 3, 949337, tzinfo=datetime.timezone.utc), end_date=None, state=<TaskInstanceState.RUNNING: 'running'>, is_mapped=False, rendered_map_index=None)","logger":"task","filename":"task_runner.py","lineno":1360}
