{"timestamp":"2025-12-08T19:00:03.591512Z","level":"info","event":"DAG bundles loaded: dags-folder","logger":"airflow.dag_processing.bundles.manager.DagBundlesManager","filename":"manager.py","lineno":179}
{"timestamp":"2025-12-08T19:00:03.592903Z","level":"info","event":"Filling up the DagBag from /opt/airflow/dags/simple_etl_pipeline.py","logger":"airflow.models.dagbag.DagBag","filename":"dagbag.py","lineno":593}
{"timestamp":"2025-12-08T19:00:04.031085Z","level":"warning","event":"The `airflow.operators.python.PythonOperator` attribute is deprecated. Please use `'airflow.providers.standard.operators.python.PythonOperator'`.","category":"DeprecatedImportWarning","filename":"/opt/airflow/dags/simple_etl_pipeline.py","lineno":9,"logger":"py.warnings"}
{"timestamp":"2025-12-08T19:00:04.031444Z","level":"warning","event":"The `airflow.operators.bash.BashOperator` attribute is deprecated. Please use `'airflow.providers.standard.operators.bash.BashOperator'`.","category":"DeprecatedImportWarning","filename":"/opt/airflow/dags/simple_etl_pipeline.py","lineno":10,"logger":"py.warnings"}
{"timestamp":"2025-12-08T19:00:04.060689Z","level":"info","event":"Extracting data for 2025-09","logger":"task.stdout"}
{"timestamp":"2025-12-08T19:00:04.060883Z","level":"info","event":"URL: https://d37ci6vzurychx.cloudfront.net/trip-data/green_tripdata_2025-09.parquet","logger":"task.stdout"}
{"timestamp":"2025-12-08T19:00:05.084045Z","level":"info","event":"Successfully downloaded 1209831 bytes","logger":"task.stdout"}
{"timestamp":"2025-12-08T19:00:05.084467Z","level":"info","event":"Saved to: /opt/airflow/dags/data/green_tripdata_2025-09.parquet","logger":"task.stdout"}
{"timestamp":"2025-12-08T19:00:05.149923Z","level":"info","event":"Done. Returned value was: /opt/airflow/dags/data/green_tripdata_2025-09.parquet","logger":"airflow.task.operators.airflow.providers.standard.operators.python.PythonOperator","filename":"python.py","lineno":215}
{"timestamp":"2025-12-08T19:00:05.150407Z","level":"info","event":"Pushing xcom","ti":"RuntimeTaskInstance(id=UUID('019aff55-3c4f-7f4c-b6a7-250b7d9f707a'), task_id='extract', dag_id='nyc_green_taxi_pipeline', run_id='backfill__2025-09-01T00:00:00+00:00', try_number=1, dag_version_id=UUID('019aff4f-37c5-7fb1-a459-d8b6c51186b2'), map_index=-1, hostname='ab55b7b03ac7', context_carrier={}, task=<Task(PythonOperator): extract>, bundle_instance=LocalDagBundle(name=dags-folder), max_tries=2, start_date=datetime.datetime(2025, 12, 8, 19, 0, 3, 440694, tzinfo=datetime.timezone.utc), end_date=None, state=<TaskInstanceState.RUNNING: 'running'>, is_mapped=False, rendered_map_index=None)","logger":"task","filename":"task_runner.py","lineno":1360}
{"timestamp":"2025-12-08T19:51:39.581353Z","level":"info","event":"DAG bundles loaded: dags-folder","logger":"airflow.dag_processing.bundles.manager.DagBundlesManager","filename":"manager.py","lineno":179}
{"timestamp":"2025-12-08T19:51:39.582364Z","level":"info","event":"Filling up the DagBag from /opt/airflow/dags/etl_pipeline.py","logger":"airflow.models.dagbag.DagBag","filename":"dagbag.py","lineno":593}
{"timestamp":"2025-12-08T19:51:39.936762Z","level":"warning","event":"The `airflow.operators.python.PythonOperator` attribute is deprecated. Please use `'airflow.providers.standard.operators.python.PythonOperator'`.","category":"DeprecatedImportWarning","filename":"/opt/airflow/dags/etl_pipeline.py","lineno":9,"logger":"py.warnings"}
{"timestamp":"2025-12-08T19:51:39.936955Z","level":"warning","event":"The `airflow.operators.bash.BashOperator` attribute is deprecated. Please use `'airflow.providers.standard.operators.bash.BashOperator'`.","category":"DeprecatedImportWarning","filename":"/opt/airflow/dags/etl_pipeline.py","lineno":10,"logger":"py.warnings"}
{"timestamp":"2025-12-08T19:51:40.003190Z","level":"info","event":"Extracting data for 2025-09","logger":"task.stdout"}
{"timestamp":"2025-12-08T19:51:40.003399Z","level":"info","event":"URL: https://d37ci6vzurychx.cloudfront.net/trip-data/green_tripdata_2025-09.parquet","logger":"task.stdout"}
{"timestamp":"2025-12-08T19:51:40.628449Z","level":"info","event":"Successfully downloaded 1209831 bytes","logger":"task.stdout"}
{"timestamp":"2025-12-08T19:51:40.628609Z","level":"info","event":"Saved to: /opt/airflow/dags/data/green_tripdata_2025-09.parquet","logger":"task.stdout"}
{"timestamp":"2025-12-08T19:51:40.658556Z","level":"info","event":"Done. Returned value was: /opt/airflow/dags/data/green_tripdata_2025-09.parquet","logger":"airflow.task.operators.airflow.providers.standard.operators.python.PythonOperator","filename":"python.py","lineno":215}
{"timestamp":"2025-12-08T19:51:40.658766Z","level":"info","event":"Pushing xcom","ti":"RuntimeTaskInstance(id=UUID('019aff84-ef2b-713d-8617-3720a3a3b624'), task_id='extract', dag_id='nyc_green_taxi_pipeline', run_id='backfill__2025-09-01T00:00:00+00:00', try_number=1, dag_version_id=UUID('019aff83-e3ae-7661-b557-966ebbe77c95'), map_index=-1, hostname='5da3fa7d3bfb', context_carrier={}, task=<Task(PythonOperator): extract>, bundle_instance=LocalDagBundle(name=dags-folder), max_tries=2, start_date=datetime.datetime(2025, 12, 8, 19, 51, 39, 507886, tzinfo=datetime.timezone.utc), end_date=None, state=<TaskInstanceState.RUNNING: 'running'>, is_mapped=False, rendered_map_index=None)","logger":"task","filename":"task_runner.py","lineno":1360}
