{"timestamp":"2025-12-08T19:51:39.580125Z","level":"info","event":"DAG bundles loaded: dags-folder","logger":"airflow.dag_processing.bundles.manager.DagBundlesManager","filename":"manager.py","lineno":179}
{"timestamp":"2025-12-08T19:51:39.581183Z","level":"info","event":"Filling up the DagBag from /opt/airflow/dags/etl_pipeline.py","logger":"airflow.models.dagbag.DagBag","filename":"dagbag.py","lineno":593}
{"timestamp":"2025-12-08T19:51:40.004015Z","level":"warning","event":"The `airflow.operators.python.PythonOperator` attribute is deprecated. Please use `'airflow.providers.standard.operators.python.PythonOperator'`.","category":"DeprecatedImportWarning","filename":"/opt/airflow/dags/etl_pipeline.py","lineno":9,"logger":"py.warnings"}
{"timestamp":"2025-12-08T19:51:40.004205Z","level":"warning","event":"The `airflow.operators.bash.BashOperator` attribute is deprecated. Please use `'airflow.providers.standard.operators.bash.BashOperator'`.","category":"DeprecatedImportWarning","filename":"/opt/airflow/dags/etl_pipeline.py","lineno":10,"logger":"py.warnings"}
{"timestamp":"2025-12-08T19:51:40.044125Z","level":"info","event":"Extracting data for 2020-02","logger":"task.stdout"}
{"timestamp":"2025-12-08T19:51:40.044282Z","level":"info","event":"URL: https://d37ci6vzurychx.cloudfront.net/trip-data/green_tripdata_2020-02.parquet","logger":"task.stdout"}
{"timestamp":"2025-12-08T19:51:43.334205Z","level":"info","event":"Successfully downloaded 6649395 bytes","logger":"task.stdout"}
{"timestamp":"2025-12-08T19:51:43.334346Z","level":"info","event":"Saved to: /opt/airflow/dags/data/green_tripdata_2020-02.parquet","logger":"task.stdout"}
{"timestamp":"2025-12-08T19:51:43.364705Z","level":"info","event":"Done. Returned value was: /opt/airflow/dags/data/green_tripdata_2020-02.parquet","logger":"airflow.task.operators.airflow.providers.standard.operators.python.PythonOperator","filename":"python.py","lineno":215}
{"timestamp":"2025-12-08T19:51:43.364964Z","level":"info","event":"Pushing xcom","ti":"RuntimeTaskInstance(id=UUID('019aff84-f47f-7513-9ac2-b9decbd1708e'), task_id='extract', dag_id='nyc_green_taxi_pipeline', run_id='scheduled__2020-02-01T00:00:00+00:00', try_number=1, dag_version_id=UUID('019aff83-e3ae-7661-b557-966ebbe77c95'), map_index=-1, hostname='5da3fa7d3bfb', context_carrier={}, task=<Task(PythonOperator): extract>, bundle_instance=LocalDagBundle(name=dags-folder), max_tries=2, start_date=datetime.datetime(2025, 12, 8, 19, 51, 39, 506809, tzinfo=datetime.timezone.utc), end_date=None, state=<TaskInstanceState.RUNNING: 'running'>, is_mapped=False, rendered_map_index=None)","logger":"task","filename":"task_runner.py","lineno":1360}
{"timestamp":"2025-12-08T19:57:29.210034Z","level":"info","event":"DAG bundles loaded: dags-folder","logger":"airflow.dag_processing.bundles.manager.DagBundlesManager","filename":"manager.py","lineno":179}
{"timestamp":"2025-12-08T19:57:29.210824Z","level":"info","event":"Filling up the DagBag from /opt/airflow/dags/etl_pipeline.py","logger":"airflow.models.dagbag.DagBag","filename":"dagbag.py","lineno":593}
{"timestamp":"2025-12-08T19:57:29.632556Z","level":"warning","event":"The `airflow.operators.python.PythonOperator` attribute is deprecated. Please use `'airflow.providers.standard.operators.python.PythonOperator'`.","category":"DeprecatedImportWarning","filename":"/opt/airflow/dags/etl_pipeline.py","lineno":9,"logger":"py.warnings"}
{"timestamp":"2025-12-08T19:57:29.632738Z","level":"warning","event":"The `airflow.operators.bash.BashOperator` attribute is deprecated. Please use `'airflow.providers.standard.operators.bash.BashOperator'`.","category":"DeprecatedImportWarning","filename":"/opt/airflow/dags/etl_pipeline.py","lineno":10,"logger":"py.warnings"}
{"timestamp":"2025-12-08T19:57:29.655327Z","level":"info","event":"Extracting data for 2020-02","logger":"task.stdout"}
{"timestamp":"2025-12-08T19:57:29.655554Z","level":"info","event":"URL: https://d37ci6vzurychx.cloudfront.net/trip-data/green_tripdata_2020-02.parquet","logger":"task.stdout"}
{"timestamp":"2025-12-08T19:57:38.487265Z","level":"info","event":"Successfully downloaded 6649395 bytes","logger":"task.stdout"}
{"timestamp":"2025-12-08T19:57:38.487504Z","level":"info","event":"Saved to: /opt/airflow/dags/data/green_tripdata_2020-02.parquet","logger":"task.stdout"}
{"timestamp":"2025-12-08T19:57:38.550355Z","level":"info","event":"Done. Returned value was: /opt/airflow/dags/data/green_tripdata_2020-02.parquet","logger":"airflow.task.operators.airflow.providers.standard.operators.python.PythonOperator","filename":"python.py","lineno":215}
{"timestamp":"2025-12-08T19:57:38.550848Z","level":"info","event":"Pushing xcom","ti":"RuntimeTaskInstance(id=UUID('019aff8a-4aca-7a2d-af7d-377f22863e4d'), task_id='extract', dag_id='nyc_green_taxi_pipeline', run_id='scheduled__2020-02-01T00:00:00+00:00', try_number=1, dag_version_id=UUID('019aff89-6975-74a1-bfae-4d62bb688b54'), map_index=-1, hostname='9644a9f340a9', context_carrier={}, task=<Task(PythonOperator): extract>, bundle_instance=LocalDagBundle(name=dags-folder), max_tries=2, start_date=datetime.datetime(2025, 12, 8, 19, 57, 29, 167483, tzinfo=datetime.timezone.utc), end_date=None, state=<TaskInstanceState.RUNNING: 'running'>, is_mapped=False, rendered_map_index=None)","logger":"task","filename":"task_runner.py","lineno":1360}
{"timestamp":"2025-12-08T20:12:19.762116Z","level":"info","event":"DAG bundles loaded: dags-folder","logger":"airflow.dag_processing.bundles.manager.DagBundlesManager","filename":"manager.py","lineno":179}
{"timestamp":"2025-12-08T20:12:19.762949Z","level":"info","event":"Filling up the DagBag from /opt/airflow/dags/etl_pipeline.py","logger":"airflow.models.dagbag.DagBag","filename":"dagbag.py","lineno":593}
{"timestamp":"2025-12-08T20:12:20.218231Z","level":"warning","event":"The `airflow.operators.python.PythonOperator` attribute is deprecated. Please use `'airflow.providers.standard.operators.python.PythonOperator'`.","category":"DeprecatedImportWarning","filename":"/opt/airflow/dags/etl_pipeline.py","lineno":9,"logger":"py.warnings"}
{"timestamp":"2025-12-08T20:12:20.218692Z","level":"warning","event":"The `airflow.operators.bash.BashOperator` attribute is deprecated. Please use `'airflow.providers.standard.operators.bash.BashOperator'`.","category":"DeprecatedImportWarning","filename":"/opt/airflow/dags/etl_pipeline.py","lineno":10,"logger":"py.warnings"}
{"timestamp":"2025-12-08T20:12:20.241875Z","level":"info","event":"Extracting data for 2020-02","logger":"task.stdout"}
{"timestamp":"2025-12-08T20:12:20.242043Z","level":"info","event":"URL: https://d37ci6vzurychx.cloudfront.net/trip-data/green_tripdata_2020-02.parquet","logger":"task.stdout"}
{"timestamp":"2025-12-08T20:12:23.476887Z","level":"info","event":"Successfully downloaded 6649395 bytes","logger":"task.stdout"}
{"timestamp":"2025-12-08T20:12:23.477059Z","level":"info","event":"Saved to: /opt/airflow/dags/data/green_tripdata_2020-02.parquet","logger":"task.stdout"}
{"timestamp":"2025-12-08T20:12:23.566287Z","level":"info","event":"Done. Returned value was: /opt/airflow/dags/data/green_tripdata_2020-02.parquet","logger":"airflow.task.operators.airflow.providers.standard.operators.python.PythonOperator","filename":"python.py","lineno":215}
{"timestamp":"2025-12-08T20:12:23.567315Z","level":"info","event":"Pushing xcom","ti":"RuntimeTaskInstance(id=UUID('019aff97-dd11-7cd0-a80e-5757fe53ea9f'), task_id='extract', dag_id='nyc_green_taxi_pipeline', run_id='scheduled__2020-02-01T00:00:00+00:00', try_number=1, dag_version_id=UUID('019aff96-3c61-7292-9940-8a5d26b489d9'), map_index=-1, hostname='4c498cc5fb07', context_carrier={}, task=<Task(PythonOperator): extract>, bundle_instance=LocalDagBundle(name=dags-folder), max_tries=2, start_date=datetime.datetime(2025, 12, 8, 20, 12, 19, 664379, tzinfo=datetime.timezone.utc), end_date=None, state=<TaskInstanceState.RUNNING: 'running'>, is_mapped=False, rendered_map_index=None)","logger":"task","filename":"task_runner.py","lineno":1360}
{"timestamp":"2025-12-08T20:24:21.435377Z","level":"info","event":"DAG bundles loaded: dags-folder","logger":"airflow.dag_processing.bundles.manager.DagBundlesManager","filename":"manager.py","lineno":179}
{"timestamp":"2025-12-08T20:24:21.436344Z","level":"info","event":"Filling up the DagBag from /opt/airflow/dags/etl_pipeline.py","logger":"airflow.models.dagbag.DagBag","filename":"dagbag.py","lineno":593}
{"timestamp":"2025-12-08T20:24:21.871632Z","level":"warning","event":"The `airflow.operators.python.PythonOperator` attribute is deprecated. Please use `'airflow.providers.standard.operators.python.PythonOperator'`.","category":"DeprecatedImportWarning","filename":"/opt/airflow/dags/etl_pipeline.py","lineno":9,"logger":"py.warnings"}
{"timestamp":"2025-12-08T20:24:21.871771Z","level":"warning","event":"The `airflow.operators.bash.BashOperator` attribute is deprecated. Please use `'airflow.providers.standard.operators.bash.BashOperator'`.","category":"DeprecatedImportWarning","filename":"/opt/airflow/dags/etl_pipeline.py","lineno":10,"logger":"py.warnings"}
{"timestamp":"2025-12-08T20:24:21.908622Z","level":"info","event":"Extracting data for 2020-02","logger":"task.stdout"}
{"timestamp":"2025-12-08T20:24:21.908796Z","level":"info","event":"URL: https://d37ci6vzurychx.cloudfront.net/trip-data/green_tripdata_2020-02.parquet","logger":"task.stdout"}
{"timestamp":"2025-12-08T20:24:24.047393Z","level":"info","event":"Successfully downloaded 6649395 bytes","logger":"task.stdout"}
{"timestamp":"2025-12-08T20:24:24.047816Z","level":"info","event":"Saved to: /opt/airflow/dags/data/green_tripdata_2020-02.parquet","logger":"task.stdout"}
{"timestamp":"2025-12-08T20:24:24.089613Z","level":"info","event":"Done. Returned value was: /opt/airflow/dags/data/green_tripdata_2020-02.parquet","logger":"airflow.task.operators.airflow.providers.standard.operators.python.PythonOperator","filename":"python.py","lineno":215}
{"timestamp":"2025-12-08T20:24:24.089863Z","level":"info","event":"Pushing xcom","ti":"RuntimeTaskInstance(id=UUID('019affa2-e097-7755-b765-310ca84ae730'), task_id='extract', dag_id='nyc_green_taxi_pipeline', run_id='scheduled__2020-02-01T00:00:00+00:00', try_number=1, dag_version_id=UUID('019affa0-c9bd-717b-8113-79f52f94827e'), map_index=-1, hostname='ac03d8a3e9c9', context_carrier={}, task=<Task(PythonOperator): extract>, bundle_instance=LocalDagBundle(name=dags-folder), max_tries=2, start_date=datetime.datetime(2025, 12, 8, 20, 24, 21, 359038, tzinfo=datetime.timezone.utc), end_date=None, state=<TaskInstanceState.RUNNING: 'running'>, is_mapped=False, rendered_map_index=None)","logger":"task","filename":"task_runner.py","lineno":1360}
