{"timestamp":"2025-12-08T20:07:52.058158Z","level":"info","event":"DAG bundles loaded: dags-folder","logger":"airflow.dag_processing.bundles.manager.DagBundlesManager","filename":"manager.py","lineno":179}
{"timestamp":"2025-12-08T20:07:52.058994Z","level":"info","event":"Filling up the DagBag from /opt/airflow/dags/etl_pipeline.py","logger":"airflow.models.dagbag.DagBag","filename":"dagbag.py","lineno":593}
{"timestamp":"2025-12-08T20:07:52.773299Z","level":"warning","event":"The `airflow.operators.python.PythonOperator` attribute is deprecated. Please use `'airflow.providers.standard.operators.python.PythonOperator'`.","category":"DeprecatedImportWarning","filename":"/opt/airflow/dags/etl_pipeline.py","lineno":9,"logger":"py.warnings"}
{"timestamp":"2025-12-08T20:07:52.773530Z","level":"warning","event":"The `airflow.operators.bash.BashOperator` attribute is deprecated. Please use `'airflow.providers.standard.operators.bash.BashOperator'`.","category":"DeprecatedImportWarning","filename":"/opt/airflow/dags/etl_pipeline.py","lineno":10,"logger":"py.warnings"}
{"timestamp":"2025-12-08T20:07:52.814563Z","level":"info","event":"Extracting data for 2020-04","logger":"task.stdout"}
{"timestamp":"2025-12-08T20:07:52.814997Z","level":"info","event":"URL: https://d37ci6vzurychx.cloudfront.net/trip-data/green_tripdata_2020-04.parquet","logger":"task.stdout"}
{"timestamp":"2025-12-08T20:07:53.313179Z","level":"info","event":"Successfully downloaded 713573 bytes","logger":"task.stdout"}
{"timestamp":"2025-12-08T20:07:53.314100Z","level":"info","event":"Saved to: /opt/airflow/dags/data/green_tripdata_2020-04.parquet","logger":"task.stdout"}
{"timestamp":"2025-12-08T20:07:53.379451Z","level":"info","event":"Done. Returned value was: /opt/airflow/dags/data/green_tripdata_2020-04.parquet","logger":"airflow.task.operators.airflow.providers.standard.operators.python.PythonOperator","filename":"python.py","lineno":215}
{"timestamp":"2025-12-08T20:07:53.380280Z","level":"info","event":"Pushing xcom","ti":"RuntimeTaskInstance(id=UUID('019aff93-d8b5-7a94-9b5e-3b5fe8e116ab'), task_id='extract', dag_id='nyc_green_taxi_pipeline', run_id='scheduled__2020-04-01T00:00:00+00:00', try_number=1, dag_version_id=UUID('019aff89-6975-74a1-bfae-4d62bb688b54'), map_index=-1, hostname='9644a9f340a9', context_carrier={}, task=<Task(PythonOperator): extract>, bundle_instance=LocalDagBundle(name=dags-folder), max_tries=2, start_date=datetime.datetime(2025, 12, 8, 20, 7, 51, 999350, tzinfo=datetime.timezone.utc), end_date=None, state=<TaskInstanceState.RUNNING: 'running'>, is_mapped=False, rendered_map_index=None)","logger":"task","filename":"task_runner.py","lineno":1360}
{"timestamp":"2025-12-08T20:15:17.154441Z","level":"info","event":"DAG bundles loaded: dags-folder","logger":"airflow.dag_processing.bundles.manager.DagBundlesManager","filename":"manager.py","lineno":179}
{"timestamp":"2025-12-08T20:15:17.155674Z","level":"info","event":"Filling up the DagBag from /opt/airflow/dags/etl_pipeline.py","logger":"airflow.models.dagbag.DagBag","filename":"dagbag.py","lineno":593}
{"timestamp":"2025-12-08T20:15:17.752638Z","level":"warning","event":"The `airflow.operators.python.PythonOperator` attribute is deprecated. Please use `'airflow.providers.standard.operators.python.PythonOperator'`.","category":"DeprecatedImportWarning","filename":"/opt/airflow/dags/etl_pipeline.py","lineno":9,"logger":"py.warnings"}
{"timestamp":"2025-12-08T20:15:17.752797Z","level":"warning","event":"The `airflow.operators.bash.BashOperator` attribute is deprecated. Please use `'airflow.providers.standard.operators.bash.BashOperator'`.","category":"DeprecatedImportWarning","filename":"/opt/airflow/dags/etl_pipeline.py","lineno":10,"logger":"py.warnings"}
{"timestamp":"2025-12-08T20:15:17.781665Z","level":"info","event":"Extracting data for 2020-04","logger":"task.stdout"}
{"timestamp":"2025-12-08T20:15:17.781945Z","level":"info","event":"URL: https://d37ci6vzurychx.cloudfront.net/trip-data/green_tripdata_2020-04.parquet","logger":"task.stdout"}
{"timestamp":"2025-12-08T20:15:18.232739Z","level":"info","event":"Successfully downloaded 713573 bytes","logger":"task.stdout"}
{"timestamp":"2025-12-08T20:15:18.232945Z","level":"info","event":"Saved to: /opt/airflow/dags/data/green_tripdata_2020-04.parquet","logger":"task.stdout"}
{"timestamp":"2025-12-08T20:15:18.292895Z","level":"info","event":"Done. Returned value was: /opt/airflow/dags/data/green_tripdata_2020-04.parquet","logger":"airflow.task.operators.airflow.providers.standard.operators.python.PythonOperator","filename":"python.py","lineno":215}
{"timestamp":"2025-12-08T20:15:18.293429Z","level":"info","event":"Pushing xcom","ti":"RuntimeTaskInstance(id=UUID('019aff9a-a2a0-7ee5-b9eb-75d92132703e'), task_id='extract', dag_id='nyc_green_taxi_pipeline', run_id='scheduled__2020-04-01T00:00:00+00:00', try_number=1, dag_version_id=UUID('019aff96-3c61-7292-9940-8a5d26b489d9'), map_index=-1, hostname='4c498cc5fb07', context_carrier={}, task=<Task(PythonOperator): extract>, bundle_instance=LocalDagBundle(name=dags-folder), max_tries=2, start_date=datetime.datetime(2025, 12, 8, 20, 15, 17, 108019, tzinfo=datetime.timezone.utc), end_date=None, state=<TaskInstanceState.RUNNING: 'running'>, is_mapped=False, rendered_map_index=None)","logger":"task","filename":"task_runner.py","lineno":1360}
