{"timestamp":"2025-12-08T20:08:16.479055Z","level":"info","event":"DAG bundles loaded: dags-folder","logger":"airflow.dag_processing.bundles.manager.DagBundlesManager","filename":"manager.py","lineno":179}
{"timestamp":"2025-12-08T20:08:16.479765Z","level":"info","event":"Filling up the DagBag from /opt/airflow/dags/etl_pipeline.py","logger":"airflow.models.dagbag.DagBag","filename":"dagbag.py","lineno":593}
{"timestamp":"2025-12-08T20:08:16.853761Z","level":"warning","event":"The `airflow.operators.python.PythonOperator` attribute is deprecated. Please use `'airflow.providers.standard.operators.python.PythonOperator'`.","category":"DeprecatedImportWarning","filename":"/opt/airflow/dags/etl_pipeline.py","lineno":9,"logger":"py.warnings"}
{"timestamp":"2025-12-08T20:08:16.853882Z","level":"warning","event":"The `airflow.operators.bash.BashOperator` attribute is deprecated. Please use `'airflow.providers.standard.operators.bash.BashOperator'`.","category":"DeprecatedImportWarning","filename":"/opt/airflow/dags/etl_pipeline.py","lineno":10,"logger":"py.warnings"}
{"timestamp":"2025-12-08T20:08:16.871281Z","level":"info","event":"Extracting data for 2020-05","logger":"task.stdout"}
{"timestamp":"2025-12-08T20:08:16.871399Z","level":"info","event":"URL: https://d37ci6vzurychx.cloudfront.net/trip-data/green_tripdata_2020-05.parquet","logger":"task.stdout"}
{"timestamp":"2025-12-08T20:08:17.360106Z","level":"info","event":"Successfully downloaded 1082586 bytes","logger":"task.stdout"}
{"timestamp":"2025-12-08T20:08:17.360847Z","level":"info","event":"Saved to: /opt/airflow/dags/data/green_tripdata_2020-05.parquet","logger":"task.stdout"}
{"timestamp":"2025-12-08T20:08:17.684249Z","level":"info","event":"Done. Returned value was: /opt/airflow/dags/data/green_tripdata_2020-05.parquet","logger":"airflow.task.operators.airflow.providers.standard.operators.python.PythonOperator","filename":"python.py","lineno":215}
{"timestamp":"2025-12-08T20:08:17.685080Z","level":"info","event":"Pushing xcom","ti":"RuntimeTaskInstance(id=UUID('019aff94-3851-7b5d-81c7-af2a22ee8175'), task_id='extract', dag_id='nyc_green_taxi_pipeline', run_id='scheduled__2020-05-01T00:00:00+00:00', try_number=1, dag_version_id=UUID('019aff89-6975-74a1-bfae-4d62bb688b54'), map_index=-1, hostname='9644a9f340a9', context_carrier={}, task=<Task(PythonOperator): extract>, bundle_instance=LocalDagBundle(name=dags-folder), max_tries=2, start_date=datetime.datetime(2025, 12, 8, 20, 8, 16, 449865, tzinfo=datetime.timezone.utc), end_date=None, state=<TaskInstanceState.RUNNING: 'running'>, is_mapped=False, rendered_map_index=None)","logger":"task","filename":"task_runner.py","lineno":1360}
{"timestamp":"2025-12-08T20:15:42.623405Z","level":"info","event":"DAG bundles loaded: dags-folder","logger":"airflow.dag_processing.bundles.manager.DagBundlesManager","filename":"manager.py","lineno":179}
{"timestamp":"2025-12-08T20:15:42.623929Z","level":"info","event":"Filling up the DagBag from /opt/airflow/dags/etl_pipeline.py","logger":"airflow.models.dagbag.DagBag","filename":"dagbag.py","lineno":593}
{"timestamp":"2025-12-08T20:15:42.928496Z","level":"warning","event":"The `airflow.operators.python.PythonOperator` attribute is deprecated. Please use `'airflow.providers.standard.operators.python.PythonOperator'`.","category":"DeprecatedImportWarning","filename":"/opt/airflow/dags/etl_pipeline.py","lineno":9,"logger":"py.warnings"}
{"timestamp":"2025-12-08T20:15:42.928685Z","level":"warning","event":"The `airflow.operators.bash.BashOperator` attribute is deprecated. Please use `'airflow.providers.standard.operators.bash.BashOperator'`.","category":"DeprecatedImportWarning","filename":"/opt/airflow/dags/etl_pipeline.py","lineno":10,"logger":"py.warnings"}
{"timestamp":"2025-12-08T20:15:42.953407Z","level":"info","event":"Extracting data for 2020-05","logger":"task.stdout"}
{"timestamp":"2025-12-08T20:15:42.953621Z","level":"info","event":"URL: https://d37ci6vzurychx.cloudfront.net/trip-data/green_tripdata_2020-05.parquet","logger":"task.stdout"}
{"timestamp":"2025-12-08T20:15:43.352632Z","level":"info","event":"Successfully downloaded 1082586 bytes","logger":"task.stdout"}
{"timestamp":"2025-12-08T20:15:43.352938Z","level":"info","event":"Saved to: /opt/airflow/dags/data/green_tripdata_2020-05.parquet","logger":"task.stdout"}
{"timestamp":"2025-12-08T20:15:43.465343Z","level":"info","event":"Done. Returned value was: /opt/airflow/dags/data/green_tripdata_2020-05.parquet","logger":"airflow.task.operators.airflow.providers.standard.operators.python.PythonOperator","filename":"python.py","lineno":215}
{"timestamp":"2025-12-08T20:15:43.465561Z","level":"info","event":"Pushing xcom","ti":"RuntimeTaskInstance(id=UUID('019aff9b-0765-7c11-a9f1-f34b5f329ff4'), task_id='extract', dag_id='nyc_green_taxi_pipeline', run_id='scheduled__2020-05-01T00:00:00+00:00', try_number=1, dag_version_id=UUID('019aff96-3c61-7292-9940-8a5d26b489d9'), map_index=-1, hostname='4c498cc5fb07', context_carrier={}, task=<Task(PythonOperator): extract>, bundle_instance=LocalDagBundle(name=dags-folder), max_tries=2, start_date=datetime.datetime(2025, 12, 8, 20, 15, 42, 593337, tzinfo=datetime.timezone.utc), end_date=None, state=<TaskInstanceState.RUNNING: 'running'>, is_mapped=False, rendered_map_index=None)","logger":"task","filename":"task_runner.py","lineno":1360}
